<?xml version="1.0" encoding="UTF-8"?>
<testsuite name="com.phunware.m3.api.tests.Profiles" tests="5" skipped="0" failures="0" errors="0" timestamp="2016-08-04T00:23:06" hostname="Kevins-MacBook-Pro.local" time="2.655">
  <properties/>
  <testcase name="getOneProfile" classname="com.phunware.m3.api.tests.Profiles" time="0.237"/>
  <testcase name="getAllProfiles" classname="com.phunware.m3.api.tests.Profiles" time="1.759"/>
  <testcase name="createOneProfile" classname="com.phunware.m3.api.tests.Profiles" time="0.202"/>
  <testcase name="disableOneProfile" classname="com.phunware.m3.api.tests.Profiles" time="0.223"/>
  <testcase name="enableOneProfile" classname="com.phunware.m3.api.tests.Profiles" time="0.232"/>
  <system-out><![CDATA[2016-08-03 19:23:06 | (com.phunware.m3.api.tests.Profiles) | (getOneProfile) | {
  "date_created": "2016-06-08",
  "name": "Premium Members",
  "description": "Premium Members",
  "enabled": true,
  "id": 3,
  "rules": [{
    "attributeMetadataName": "member_status",
    "operator": "Equal",
    "value": "PREMIUM"
  }]
}
2016-08-03 19:23:06 | (com.phunware.m3.api.tests.Profiles) | (getAllProfiles) | [{
  "date_created": "2016-06-14",
  "name": "!@#$",
  "description": "!@#$",
  "enabled": true,
  "id": 15,
  "rules": [{
    "attributeMetadataName": "asdf",
    "operator": "Equal",
    "value": "asdf"
  }]
}, {
  "date_created": "2016-06-08",
  "name": "abracadabra open the cave alibaba and the 40 theives",
  "description": "abracadabra open the cave alibaba and the 40 theives",
  "enabled": true,
  "id": 7,
  "rules": [{
    "attributeMetadataName": "member_status",
    "operator": "NotEqual",
    "value": "BASIC"
  }, {
    "attributeMetadataName": "loyalty_status",
    "operator": "Equal",
    "value": "SILVER"
  }, {
    "attributeMetadataName": "loyalty_status",
    "operator": "NotEqual",
    "value": "SILVER"
  }]
}, {
  "date_created": "2016-05-18",
  "name": "Big Spender updated",
  "description": "max loyalty and expensive favorite product",
  "enabled": true,
  "id": 1,
  "rules": [{
    "attributeMetadataName": "loyalty_status",
    "operator": "Equal",
    "value": "DIAMOND"
  }]
}, {
  "date_created": "2016-07-07",
  "name": "HariTestProfile",
  "description": "HariTestProfile",
  "enabled": true,
  "id": 48,
  "rules": [{
    "attributeMetadataName": "loyalty_status",
    "operator": "Equal",
    "value": "SILVER"
  }, {
    "attributeMetadataName": "loyalty_status",
    "operator": "NotEqual",
    "value": "DIAMOND"
  }]
}, {
  "date_created": "2016-07-21",
  "name": "Kevin's Spotify Profile",
  "description": "This is Kevin. Kevin likes rap/edm. Be like Kevin.",
  "enabled": true,
  "id": 62,
  "rules": [{
    "attributeMetadataName": "member_status",
    "operator": "Equal",
    "value": "PREMIUM"
  }]
}, {
  "date_created": "2016-06-08",
  "name": "New profile",
  "description": "New profile",
  "enabled": true,
  "id": 2,
  "rules": [{
    "attributeMetadataName": "loyalty_status",
    "operator": "Equal",
    "value": "GOLD"
  }]
}, {
  "date_created": "2016-06-08",
  "name": "New Profile #2",
  "description": "New Profile #2",
  "enabled": false,
  "id": 4,
  "rules": [{
    "attributeMetadataName": "loyalty_status",
    "operator": "Equal",
    "value": "GOLD"
  }, {
    "attributeMetadataName": "member_status",
    "operator": "Equal",
    "value": "ADVANCED"
  }]
}, {
  "date_created": "2016-06-08",
  "name": "New Profile #4",
  "description": "New Profile #4",
  "enabled": true,
  "id": 6,
  "rules": [{
    "attributeMetadataName": "loyalty_status",
    "operator": "Equal",
    "value": "GOLD"
  }, {
    "attributeMetadataName": "member_status",
    "operator": "Equal",
    "value": "BASIC"
  }]
}, {
  "date_created": "2016-06-08",
  "name": "New Profile3",
  "description": "New Profile3",
  "enabled": true,
  "id": 5,
  "rules": [{
    "attributeMetadataName": "loyalty_status",
    "operator": "Equal",
    "value": "GOLD"
  }, {
    "attributeMetadataName": "member_status",
    "operator": "Equal",
    "value": "BASIC"
  }]
}, {
  "date_created": "2016-06-08",
  "name": "Premium Members",
  "description": "Premium Members",
  "enabled": true,
  "id": 3,
  "rules": [{
    "attributeMetadataName": "member_status",
    "operator": "Equal",
    "value": "PREMIUM"
  }]
}, {
  "date_created": "2016-06-08",
  "name": "QATesting",
  "description": "max loyalty and expensive favorite product",
  "enabled": true,
  "id": 9,
  "rules": [{
    "attributeMetadataName": "loyalty_status",
    "operator": "Equal",
    "value": "GOLD"
  }]
}, {
  "date_created": "2016-06-13",
  "name": "Test 1",
  "description": "Test 1",
  "enabled": true,
  "id": 10,
  "rules": [{
    "attributeMetadataName": "loyalty_status",
    "operator": "Equal",
    "value": "GOLD"
  }]
}, {
  "date_created": "2016-06-15",
  "name": "test1",
  "description": "test1",
  "enabled": true,
  "id": 21,
  "rules": [{
    "attributeMetadataName": "test_1",
    "operator": "NotEqual",
    "value": "t1"
  }]
}, {
  "date_created": "2016-06-15",
  "name": "test2",
  "description": "test2",
  "enabled": true,
  "id": 22,
  "rules": [{
    "attributeMetadataName": "test_2",
    "operator": "Equal",
    "value": "t_1"
  }]
}, {
  "date_created": "2016-06-15",
  "name": "test3",
  "description": "test3",
  "enabled": true,
  "id": 23,
  "rules": [{
    "attributeMetadataName": "test_3",
    "operator": "Equal",
    "value": "t-1"
  }, {
    "attributeMetadataName": "test_3",
    "operator": "NotEqual",
    "value": "t-2"
  }]
}, {
  "date_created": "2016-06-16",
  "name": "test4",
  "description": "test4",
  "enabled": true,
  "id": 25,
  "rules": [{
    "attributeMetadataName": "test_1",
    "operator": "Equal",
    "value": "t1"
  }]
}, {
  "date_created": "2016-06-21",
  "name": "test5",
  "description": "test5",
  "enabled": true,
  "id": 31,
  "rules": [{
    "attributeMetadataName": "asdf",
    "operator": "Equal",
    "value": "asdf"
  }, {
    "attributeMetadataName": "test_1",
    "operator": "Equal",
    "value": "t1"
  }]
}, {
  "date_created": "2016-06-17",
  "name": "testing",
  "description": "testing",
  "enabled": true,
  "id": 26,
  "rules": [{
    "attributeMetadataName": "test_5",
    "operator": "Equal",
    "value": "test5"
  }]
}, {
  "date_created": "2016-07-07",
  "name": "TestLoyalty",
  "description": "TestLoyalty",
  "enabled": true,
  "id": 47,
  "rules": [{
    "attributeMetadataName": "loyalty_status",
    "operator": "NotEqual",
    "value": "DIAMOND"
  }]
}, {
  "date_created": "2016-07-07",
  "name": "TestProfile",
  "description": "TestProfile",
  "enabled": true,
  "id": 46,
  "rules": [{
    "attributeMetadataName": "loyalty_status",
    "operator": "Equal",
    "value": "SILVER"
  }, {
    "attributeMetadataName": "member_status",
    "operator": "Equal",
    "value": "BASIC"
  }]
}, {
  "date_created": "2016-06-08",
  "name": "Testprofile@#!#!",
  "description": "Testprofile@#!#!",
  "enabled": false,
  "id": 8,
  "rules": [{
    "attributeMetadataName": "loyalty_status",
    "operator": "Equal",
    "value": "PLATINUM"
  }]
}, {
  "date_created": "2016-06-16",
  "name": "test_4",
  "description": "test_4",
  "enabled": true,
  "id": 24,
  "rules": [{
    "attributeMetadataName": "test_attribute",
    "operator": "Equal",
    "value": "value1"
  }]
}, {
  "date_created": "2016-06-14",
  "name": "test_profile",
  "description": "test_profile",
  "enabled": true,
  "id": 11,
  "rules": [{
    "attributeMetadataName": "test_attribute_2",
    "operator": "Equal",
    "value": "v1"
  }]
}, {
  "date_created": "2016-06-14",
  "name": "test_profile_2",
  "description": "test_profile_2",
  "enabled": true,
  "id": 12,
  "rules": [{
    "attributeMetadataName": "test_attribute_2",
    "operator": "NotEqual",
    "value": "v2"
  }]
}, {
  "date_created": "2016-06-14",
  "name": "test_profile_3",
  "description": "test_profile_3",
  "enabled": true,
  "id": 13,
  "rules": [{
    "attributeMetadataName": "test_attribute_2",
    "operator": "Equal",
    "value": "v1"
  }, {
    "attributeMetadataName": "test_attribute_2",
    "operator": "NotEqual",
    "value": "v2"
  }]
}, {
  "date_created": "2016-06-14",
  "name": "test_profile_4",
  "description": "test_profile_4",
  "enabled": true,
  "id": 14,
  "rules": [{
    "attributeMetadataName": "test_attribute_2",
    "operator": "Equal",
    "value": "v2"
  }]
}]
2016-08-03 19:23:08 | (com.phunware.m3.api.tests.Profiles) | (createOneProfile) | requirement failed: Value provided for [name] is not unique, please provide an unique value.
2016-08-03 19:23:08 | (com.phunware.m3.api.tests.Profiles) | (disableOneProfile) | {
  "date_created": "2016-07-21",
  "name": "Kevin's Spotify Profile",
  "description": "This is Kevin. Kevin likes rap/edm. Be like Kevin.",
  "enabled": false,
  "id": 62,
  "rules": [{
    "attributeMetadataName": "member_status",
    "operator": "Equal",
    "value": "PREMIUM"
  }]
}
2016-08-03 19:23:09 | (com.phunware.m3.api.tests.Profiles) | (enableOneProfile) | {
  "date_created": "2016-07-21",
  "name": "Kevin's Spotify Profile",
  "description": "This is Kevin. Kevin likes rap/edm. Be like Kevin.",
  "enabled": true,
  "id": 62,
  "rules": [{
    "attributeMetadataName": "member_status",
    "operator": "Equal",
    "value": "PREMIUM"
  }]
}
]]></system-out>
  <system-err><![CDATA[]]></system-err>
</testsuite>
