<?xml version="1.0" encoding="UTF-8"?>
<!-- Generated by org.testng.reporters.JUnitReportReporter -->
<testsuite hostname="Kevins-MacBook-Pro.local" name="com.phunware.m3.api.tests.Attributes" tests="7" failures="0" timestamp="3 Aug 2016 22:27:17 GMT" time="3.822" errors="0">
  <testcase name="getAllAttributes" time="0.881" classname="com.phunware.m3.api.tests.Attributes"/>
  <testcase name="disableOneAttribute" time="0.179" classname="com.phunware.m3.api.tests.Attributes"/>
  <testcase name="addOneValueToAttribute" time="0.174" classname="com.phunware.m3.api.tests.Attributes"/>
  <testcase name="enableOneAttribute" time="0.218" classname="com.phunware.m3.api.tests.Attributes"/>
  <testcase name="addMultipleValuesToAttribute" time="0.199" classname="com.phunware.m3.api.tests.Attributes"/>
  <testcase name="postOneAttribute" time="0.165" classname="com.phunware.m3.api.tests.Attributes"/>
  <testcase name="getOneAttribute" time="2.006" classname="com.phunware.m3.api.tests.Attributes"/>
</testsuite> <!-- com.phunware.m3.api.tests.Attributes -->
