<?xml version="1.0" encoding="UTF-8"?>
<!-- Generated by org.testng.reporters.JUnitReportReporter -->
<testsuite hostname="Kevins-MacBook-Pro.local" name="com.phunware.m3.api.tests.Attributes" tests="7" failures="0" timestamp="2 Nov 2016 18:55:05 GMT" time="4.009" errors="0">
  <testcase name="disableOneAttribute" time="0.184" classname="com.phunware.m3.api.tests.Attributes"/>
  <testcase name="getAllAttributes" time="0.896" classname="com.phunware.m3.api.tests.Attributes"/>
  <testcase name="enableOneAttribute" time="0.205" classname="com.phunware.m3.api.tests.Attributes"/>
  <testcase name="getOneAttribute" time="2.029" classname="com.phunware.m3.api.tests.Attributes"/>
  <testcase name="addMultipleValuesToAttribute" time="0.255" classname="com.phunware.m3.api.tests.Attributes"/>
  <testcase name="postOneAttribute" time="0.145" classname="com.phunware.m3.api.tests.Attributes"/>
  <testcase name="addOneValueToAttribute" time="0.295" classname="com.phunware.m3.api.tests.Attributes"/>
</testsuite> <!-- com.phunware.m3.api.tests.Attributes -->
