<?xml version="1.0" encoding="UTF-8"?>
<!-- Generated by org.testng.reporters.JUnitReportReporter -->
<testsuite hostname="Vinays-MacBook-Pro.local" name="com.phunware.m3.api.tests.Beacons_old" tests="8" failures="0" timestamp="25 Apr 2017 03:41:10 GMT" time="3.965" errors="0">
  <testcase name="getBeaconBy_UUID_Major" time="0.453" classname="com.phunware.m3.api.tests.Beacons_old"/>
  <testcase name="getBeaconsBy_Tags" time="0.444" classname="com.phunware.m3.api.tests.Beacons_old"/>
  <testcase name="getBeaconBy_UUID_Tags" time="0.433" classname="com.phunware.m3.api.tests.Beacons_old"/>
  <testcase name="getOneBeaconBy_ID" time="0.850" classname="com.phunware.m3.api.tests.Beacons_old"/>
  <testcase name="getBeaconBy_UUID" time="0.474" classname="com.phunware.m3.api.tests.Beacons_old"/>
  <testcase name="getBeaconWith_Tags" time="0.424" classname="com.phunware.m3.api.tests.Beacons_old"/>
  <testcase name="getBeaconsBy_UUIDAlias" time="0.442" classname="com.phunware.m3.api.tests.Beacons_old"/>
  <testcase name="getBeaconBy_UUID_Major_Minor" time="0.445" classname="com.phunware.m3.api.tests.Beacons_old"/>
</testsuite> <!-- com.phunware.m3.api.tests.Beacons_old -->
