<?xml version="1.0" encoding="UTF-8"?>
<!-- Generated by org.testng.reporters.JUnitReportReporter -->
<testsuite hostname="Kevins-MacBook-Pro.local" name="com.phunware.m3.api.tests.Profiles" tests="5" failures="0" timestamp="2 Nov 2016 18:55:05 GMT" time="2.097" errors="0">
  <testcase name="getAllProfiles" time="1.426" classname="com.phunware.m3.api.tests.Profiles"/>
  <testcase name="disableOneProfile" time="0.171" classname="com.phunware.m3.api.tests.Profiles"/>
  <testcase name="enableOneProfile" time="0.164" classname="com.phunware.m3.api.tests.Profiles"/>
  <testcase name="getOneProfile" time="0.186" classname="com.phunware.m3.api.tests.Profiles"/>
  <testcase name="createOneProfile" time="0.150" classname="com.phunware.m3.api.tests.Profiles"/>
</testsuite> <!-- com.phunware.m3.api.tests.Profiles -->
