<?xml version="1.0" encoding="UTF-8"?>
<!-- Generated by org.testng.reporters.JUnitReportReporter -->
<testsuite hostname="Kevins-MacBook-Pro.local" name="com.phunware.m3.api.tests.Profiles" tests="5" failures="0" timestamp="3 Aug 2016 22:27:17 GMT" time="2.102" errors="0">
  <testcase name="getAllProfiles" time="1.458" classname="com.phunware.m3.api.tests.Profiles"/>
  <testcase name="disableOneProfile" time="0.154" classname="com.phunware.m3.api.tests.Profiles"/>
  <testcase name="createOneProfile" time="0.142" classname="com.phunware.m3.api.tests.Profiles"/>
  <testcase name="enableOneProfile" time="0.151" classname="com.phunware.m3.api.tests.Profiles"/>
  <testcase name="getOneProfile" time="0.197" classname="com.phunware.m3.api.tests.Profiles"/>
</testsuite> <!-- com.phunware.m3.api.tests.Profiles -->
