<?xml version="1.0" encoding="UTF-8"?>
<!-- Generated by org.testng.reporters.JUnitReportReporter -->
<testsuite hostname="Kevins-MacBook-Pro.local" name="com.phunware.m3.api.tests.Profiles" tests="5" failures="0" timestamp="16 Aug 2016 16:07:37 GMT" time="2.316" errors="0">
  <testcase name="createOneProfile" time="0.138" classname="com.phunware.m3.api.tests.Profiles"/>
  <testcase name="disableOneProfile" time="0.162" classname="com.phunware.m3.api.tests.Profiles"/>
  <testcase name="getAllProfiles" time="1.644" classname="com.phunware.m3.api.tests.Profiles"/>
  <testcase name="enableOneProfile" time="0.165" classname="com.phunware.m3.api.tests.Profiles"/>
  <testcase name="getOneProfile" time="0.207" classname="com.phunware.m3.api.tests.Profiles"/>
</testsuite> <!-- com.phunware.m3.api.tests.Profiles -->
