<?xml version="1.0" encoding="UTF-8"?>
<!-- Generated by org.testng.reporters.JUnitReportReporter -->
<testsuite hostname="Kevins-MacBook-Pro.local" name="com.phunware.m3.api.tests.Attributes" tests="7" failures="0" timestamp="16 Aug 2016 16:07:37 GMT" time="4.176" errors="0">
  <testcase name="addOneValueToAttribute" time="0.180" classname="com.phunware.m3.api.tests.Attributes"/>
  <testcase name="enableOneAttribute" time="0.235" classname="com.phunware.m3.api.tests.Attributes"/>
  <testcase name="disableOneAttribute" time="0.181" classname="com.phunware.m3.api.tests.Attributes"/>
  <testcase name="addMultipleValuesToAttribute" time="0.209" classname="com.phunware.m3.api.tests.Attributes"/>
  <testcase name="postOneAttribute" time="0.153" classname="com.phunware.m3.api.tests.Attributes"/>
  <testcase name="getOneAttribute" time="2.298" classname="com.phunware.m3.api.tests.Attributes"/>
  <testcase name="getAllAttributes" time="0.920" classname="com.phunware.m3.api.tests.Attributes"/>
</testsuite> <!-- com.phunware.m3.api.tests.Attributes -->
