<?xml version="1.0" encoding="UTF-8"?>
<!-- Generated by org.testng.reporters.JUnitReportReporter -->
<testsuite hostname="Vinays-MacBook-Pro.local" name="com.phunware.m3.api.tests.Profiles_old" tests="5" failures="0" timestamp="25 Apr 2017 03:41:10 GMT" time="2.763" errors="0">
  <testcase name="disableOneProfile" time="0.531" classname="com.phunware.m3.api.tests.Profiles_old"/>
  <testcase name="createOneProfile" time="0.200" classname="com.phunware.m3.api.tests.Profiles_old"/>
  <testcase name="getAllProfiles" time="1.594" classname="com.phunware.m3.api.tests.Profiles_old"/>
  <testcase name="enableOneProfile" time="0.198" classname="com.phunware.m3.api.tests.Profiles_old"/>
  <testcase name="getOneProfile" time="0.240" classname="com.phunware.m3.api.tests.Profiles_old"/>
</testsuite> <!-- com.phunware.m3.api.tests.Profiles_old -->
