<?xml version="1.0" encoding="UTF-8"?>
<!-- Generated by org.testng.reporters.JUnitReportReporter -->
<testsuite hostname="Kevins-MacBook-Pro.local" name="com.phunware.m3.api.tests.Profiles" tests="5" failures="0" timestamp="2 Nov 2016 19:03:30 GMT" time="2.162" errors="0">
  <testcase name="getAllProfiles" time="1.451" classname="com.phunware.m3.api.tests.Profiles"/>
  <testcase name="disableOneProfile" time="0.176" classname="com.phunware.m3.api.tests.Profiles"/>
  <testcase name="enableOneProfile" time="0.200" classname="com.phunware.m3.api.tests.Profiles"/>
  <testcase name="getOneProfile" time="0.190" classname="com.phunware.m3.api.tests.Profiles"/>
  <testcase name="createOneProfile" time="0.145" classname="com.phunware.m3.api.tests.Profiles"/>
</testsuite> <!-- com.phunware.m3.api.tests.Profiles -->
