<?xml version="1.0" encoding="UTF-8"?>
<!-- Generated by org.testng.reporters.JUnitReportReporter -->
<testsuite hostname="Kevins-MacBook-Pro.local" name="com.phunware.m3.api.tests.Beacons" tests="8" failures="0" timestamp="2 Nov 2016 19:03:30 GMT" time="3.145" errors="0">
  <testcase name="getBeaconBy_UUID_Major" time="0.317" classname="com.phunware.m3.api.tests.Beacons"/>
  <testcase name="getBeaconsBy_UUIDAlias" time="0.358" classname="com.phunware.m3.api.tests.Beacons"/>
  <testcase name="getOneBeaconBy_ID" time="0.830" classname="com.phunware.m3.api.tests.Beacons"/>
  <testcase name="getBeaconWith_Tags" time="0.310" classname="com.phunware.m3.api.tests.Beacons"/>
  <testcase name="getBeaconBy_UUID_Tags" time="0.311" classname="com.phunware.m3.api.tests.Beacons"/>
  <testcase name="getBeaconsBy_Tags" time="0.326" classname="com.phunware.m3.api.tests.Beacons"/>
  <testcase name="getBeaconBy_UUID_Major_Minor" time="0.335" classname="com.phunware.m3.api.tests.Beacons"/>
  <testcase name="getBeaconBy_UUID" time="0.358" classname="com.phunware.m3.api.tests.Beacons"/>
</testsuite> <!-- com.phunware.m3.api.tests.Beacons -->
