<?xml version="1.0" encoding="UTF-8"?>
<!-- Generated by org.testng.reporters.JUnitReportReporter -->
<testsuite hostname="Kevins-MacBook-Pro.local" name="com.phunware.m3.api.tests.Attributes" tests="7" failures="0" timestamp="2 Nov 2016 19:03:30 GMT" time="4.255" errors="0">
  <testcase name="disableOneAttribute" time="0.224" classname="com.phunware.m3.api.tests.Attributes"/>
  <testcase name="getAllAttributes" time="0.861" classname="com.phunware.m3.api.tests.Attributes"/>
  <testcase name="enableOneAttribute" time="0.278" classname="com.phunware.m3.api.tests.Attributes"/>
  <testcase name="getOneAttribute" time="2.289" classname="com.phunware.m3.api.tests.Attributes"/>
  <testcase name="addMultipleValuesToAttribute" time="0.242" classname="com.phunware.m3.api.tests.Attributes"/>
  <testcase name="postOneAttribute" time="0.144" classname="com.phunware.m3.api.tests.Attributes"/>
  <testcase name="addOneValueToAttribute" time="0.217" classname="com.phunware.m3.api.tests.Attributes"/>
</testsuite> <!-- com.phunware.m3.api.tests.Attributes -->
